<?xml version="1.0" encoding="UTF-8"?>
<!-- Generated by org.testng.reporters.JUnitReportReporter -->
<testsuite hostname="DESKTOP-IKLM7TV" failures="0" tests="2" name="com.qahrm.logintestcases.TC1_login" time="23.374" errors="0" timestamp="2020-07-20T00:51:48 IST" skipped="0">
  <testcase classname="com.qahrm.logintestcases.TC1_login" name="loginToApps" time="13.355"/>
  <system-out/>
  <testcase classname="com.qahrm.logintestcases.TC1_login" name="loginWithInvalidCredentials" time="10.019"/>
  <system-out/>
</testsuite> <!-- com.qahrm.logintestcases.TC1_login -->
