<?xml version="1.0" encoding="UTF-8"?>
<!-- Generated by org.testng.reporters.JUnitReportReporter -->
<testsuite hostname="DESKTOP-IKLM7TV" failures="0" tests="5" name="com.e3e.log4g.TestLogs" time="0.039" errors="0" timestamp="2020-07-01T00:48:33 IST" skipped="0">
  <testcase classname="com.e3e.log4g.TestLogs" name="doMoreStuff" time="0.017"/>
  <system-out/>
  <testcase classname="com.e3e.log4g.TestLogs" name="doStuff" time="0.007"/>
  <system-out/>
  <testcase classname="com.e3e.log4g.TestLogs" name="doStuff" time="0.006"/>
  <system-out/>
  <testcase classname="com.e3e.log4g.TestLogs" name="doStuff" time="0.004"/>
  <system-out/>
  <testcase classname="com.e3e.log4g.TestLogs" name="doStuff" time="0.005"/>
  <system-out/>
</testsuite> <!-- com.e3e.log4g.TestLogs -->
