<?xml version="1.0" encoding="UTF-8"?>
<!-- Generated by org.testng.reporters.JUnitReportReporter -->
<testsuite hostname="DESKTOP-IKLM7TV" failures="0" tests="1" name="com.e2e.base.demo" time="11.906" errors="0" timestamp="2020-06-18T23:11:15 IST" skipped="0">
  <testcase classname="com.e2e.base.demo" name="testing" time="11.906"/>
  <system-out/>
</testsuite> <!-- com.e2e.base.demo -->
