<?xml version="1.0" encoding="UTF-8"?>
<!-- Generated by org.testng.reporters.JUnitReportReporter -->
<testsuite hostname="DESKTOP-IKLM7TV" failures="0" tests="1" name="com.e2e.base.TestBase" time="13.381" errors="0" timestamp="2020-06-18T23:07:04 IST" skipped="0">
  <testcase classname="com.e2e.base.TestBase" name="testing" time="13.381"/>
  <system-out/>
</testsuite> <!-- com.e2e.base.TestBase -->
