<?xml version="1.0" encoding="UTF-8"?>
<!-- Generated by org.testng.reporters.JUnitReportReporter -->
<testsuite hostname="DESKTOP-IKLM7TV" failures="0" tests="1" name="com.qahrm.logintestcases.TC1_login" time="12.780" errors="0" timestamp="2020-07-19T23:49:58 IST" skipped="0">
  <testcase classname="com.qahrm.logintestcases.TC1_login" name="loginToApps" time="12.780"/>
  <system-out/>
</testsuite> <!-- com.qahrm.logintestcases.TC1_login -->
